#
# There is insufficient memory for the Java Runtime Environment to continue.
# Native memory allocation (malloc) failed to allocate 1117552 bytes for Chunk::new
# Possible reasons:
#   The system is out of physical RAM or swap space
#   The process is running with CompressedOops enabled, and the Java Heap may be blocking the growth of the native heap
# Possible solutions:
#   Reduce memory load on the system
#   Increase physical memory or swap space
#   Check if swap backing store is full
#   Decrease Java heap size (-Xmx/-Xms)
#   Decrease number of Java threads
#   Decrease Java thread stack sizes (-Xss)
#   Set larger code cache with -XX:ReservedCodeCacheSize=
#   JVM is running with Unscaled Compressed Oops mode in which the Java heap is
#     placed in the first 4GB address space. The Java Heap base address is the
#     maximum limit for the native heap growth. Please use -XX:HeapBaseMinAddress
#     to set the Java Heap base and to place the Java Heap above 4GB virtual address.
# This output file may be truncated or incomplete.
#
#  Out of Memory Error (./open/src/hotspot/share/memory/arena.cpp:195), pid=12260, tid=27904
#
# JRE version: OpenJDK Runtime Environment (15.0.1+9) (build 15.0.1+9-18)
# Java VM: OpenJDK 64-Bit Server VM (15.0.1+9-18, mixed mode, sharing, tiered, compressed oops, g1 gc, windows-amd64)
# No core dump will be written. Minidumps are not enabled by default on client versions of Windows
#

---------------  S U M M A R Y ------------

Command Line: -javaagent:C:\Program Files\JetBrains\IntelliJ IDEA Community Edition 2020.2.2\lib\idea_rt.jar=49456:C:\Program Files\JetBrains\IntelliJ IDEA Community Edition 2020.2.2\bin -Dfile.encoding=UTF-8 com.example.apisimplify.ApiSimplifyApplication

Host: Intel(R) Core(TM) i5-8250U CPU @ 1.60GHz, 8 cores, 7G,  Windows 10 , 64 bit Build 19041 (10.0.19041.928)
Time: Sun May  2 17:11:31 2021 Hora oficial do Brasil elapsed time: 5.161495 seconds (0d 0h 0m 5s)

---------------  T H R E A D  ---------------

Current thread (0x000001cf6e9db8c0):  JavaThread "C2 CompilerThread0" daemon [_thread_in_native, id=27904, stack(0x00000002c1500000,0x00000002c1600000)]


Current CompileTask:
C2:   5162 1832   !   4       java.net.URL::<init> (543 bytes)

Stack: [0x00000002c1500000,0x00000002c1600000]
Native frames: (J=compiled Java code, j=interpreted, Vv=VM code, C=native code)
V  [jvm.dll+0x62ae9a]
V  [jvm.dll+0x781389]
V  [jvm.dll+0x782ae3]
V  [jvm.dll+0x783143]
V  [jvm.dll+0x216265]
V  [jvm.dll+0x97efa]
V  [jvm.dll+0x985dc]
V  [jvm.dll+0x32e525]
V  [jvm.dll+0x18e2e1]
V  [jvm.dll+0x1ea762]
V  [jvm.dll+0x1e98ae]
V  [jvm.dll+0x1784c7]
V  [jvm.dll+0x1f9165]
V  [jvm.dll+0x1f720c]
V  [jvm.dll+0x74485d]
V  [jvm.dll+0x73d65a]
V  [jvm.dll+0x629c56]
C  [ucrtbase.dll+0x21bb2]
C  [KERNEL32.DLL+0x17034]
C  [ntdll.dll+0x52651]


---------------  P R O C E S S  ---------------

Threads class SMR info:
_java_thread_list=0x000001cf70968a00, length=16, elements={
0x000001cf4ff69de0, 0x000001cf6e9b7430, 0x000001cf6e9b8610, 0x000001cf6e9d1090,
0x000001cf6e9d1a50, 0x000001cf6e9d5520, 0x000001cf6e9db8c0, 0x000001cf6e9e5480,
0x000001cf6e9f8a50, 0x000001cf6f3fbf00, 0x000001cf6f4c8840, 0x000001cf6f4c8d10,
0x000001cf6f954be0, 0x000001cf6fea6f30, 0x000001cf70731d10, 0x000001cf6fccd960
}

Java Threads: ( => current thread )
  0x000001cf4ff69de0 JavaThread "main" [_thread_blocked, id=28660, stack(0x00000002c0900000,0x00000002c0a00000)]
  0x000001cf6e9b7430 JavaThread "Reference Handler" daemon [_thread_blocked, id=20484, stack(0x00000002c1000000,0x00000002c1100000)]
  0x000001cf6e9b8610 JavaThread "Finalizer" daemon [_thread_blocked, id=24444, stack(0x00000002c1100000,0x00000002c1200000)]
  0x000001cf6e9d1090 JavaThread "Signal Dispatcher" daemon [_thread_blocked, id=26500, stack(0x00000002c1200000,0x00000002c1300000)]
  0x000001cf6e9d1a50 JavaThread "Attach Listener" daemon [_thread_blocked, id=27644, stack(0x00000002c1300000,0x00000002c1400000)]
  0x000001cf6e9d5520 JavaThread "Service Thread" daemon [_thread_blocked, id=12880, stack(0x00000002c1400000,0x00000002c1500000)]
=>0x000001cf6e9db8c0 JavaThread "C2 CompilerThread0" daemon [_thread_in_native, id=27904, stack(0x00000002c1500000,0x00000002c1600000)]
  0x000001cf6e9e5480 JavaThread "C1 CompilerThread0" daemon [_thread_blocked, id=20020, stack(0x00000002c1600000,0x00000002c1700000)]
  0x000001cf6e9f8a50 JavaThread "Sweeper thread" daemon [_thread_blocked, id=6728, stack(0x00000002c1700000,0x00000002c1800000)]
  0x000001cf6f3fbf00 JavaThread "Common-Cleaner" daemon [_thread_blocked, id=22620, stack(0x00000002c1800000,0x00000002c1900000)]
  0x000001cf6f4c8840 JavaThread "Monitor Ctrl-Break" daemon [_thread_in_native, id=29372, stack(0x00000002c1900000,0x00000002c1a00000)]
  0x000001cf6f4c8d10 JavaThread "Notification Thread" daemon [_thread_blocked, id=14408, stack(0x00000002c1a00000,0x00000002c1b00000)]
  0x000001cf6f954be0 JavaThread "Thread-0" [_thread_blocked, id=25248, stack(0x00000002c1e00000,0x00000002c1f00000)]
  0x000001cf6fea6f30 JavaThread "restartedMain" [_thread_blocked, id=29412, stack(0x00000002c1f00000,0x00000002c2000000)]
  0x000001cf70731d10 JavaThread "C2 CompilerThread1" daemon [_thread_in_native, id=1080, stack(0x00000002c2000000,0x00000002c2100000)]
  0x000001cf6fccd960 JavaThread "Thread-3" [_thread_in_native, id=19056, stack(0x00000002c2400000,0x00000002c2500000)]

Other Threads:
  0x000001cf6e9b47a0 VMThread "VM Thread" [stack: 0x00000002c0f00000,0x00000002c1000000] [id=25000]
  0x000001cf4ff6b130 WatcherThread [stack: 0x00000002c1b00000,0x00000002c1c00000] [id=25404]
  0x000001cf4ffabb00 GCTaskThread "GC Thread#0" [stack: 0x00000002c0a00000,0x00000002c0b00000] [id=25824]
  0x000001cf6f7ff910 GCTaskThread "GC Thread#1" [stack: 0x00000002c1c00000,0x00000002c1d00000] [id=13576]
  0x000001cf6f8002a0 GCTaskThread "GC Thread#2" [stack: 0x00000002c1d00000,0x00000002c1e00000] [id=8956]
  0x000001cf6f7fff70 GCTaskThread "GC Thread#3" [stack: 0x00000002c2100000,0x00000002c2200000] [id=7292]
  0x000001cf6f7ff5e0 GCTaskThread "GC Thread#4" [stack: 0x00000002c2200000,0x00000002c2300000] [id=26436]
  0x000001cf6f8005d0 GCTaskThread "GC Thread#5" [stack: 0x00000002c2300000,0x00000002c2400000] [id=25188]
  0x000001cf4ffbc850 ConcurrentGCThread "G1 Main Marker" [stack: 0x00000002c0b00000,0x00000002c0c00000] [id=29160]
  0x000001cf4ffbdbe0 ConcurrentGCThread "G1 Conc#0" [stack: 0x00000002c0c00000,0x00000002c0d00000] [id=28456]
  0x000001cf50037cd0 ConcurrentGCThread "G1 Refine#0" [stack: 0x00000002c0d00000,0x00000002c0e00000] [id=27448]
  0x000001cf500388d0 ConcurrentGCThread "G1 Young RemSet Sampling" [stack: 0x00000002c0e00000,0x00000002c0f00000] [id=23804]

Threads with active compile tasks:
C2 CompilerThread0     5252 1832   !   4       java.net.URL::<init> (543 bytes)
C2 CompilerThread1     5252 2005   !   4       java.util.zip.ZipFile$Source::getEntryPos (174 bytes)

VM state: not at safepoint (normal execution)

VM Mutex/Monitor currently owned by a thread: None

Heap address: 0x0000000082000000, size: 2016 MB, Compressed Oops mode: 32-bit
CDS archive(s) mapped at: [0x0000000800000000-0x0000000800b50000-0x0000000800b50000), size 11862016, SharedBaseAddress: 0x0000000800000000, ArchiveRelocationMode: 0.
Compressed class space mapped at: 0x0000000800b50000-0x0000000840b50000, size: 1073741824
Narrow klass base: 0x0000000800000000, Narrow klass shift: 3, Narrow klass range: 0x100000000

GC Precious Log:
 CPUs: 8 total, 8 available
 Memory: 8060M
 Large Page Support: Disabled
 NUMA Support: Disabled
 Compressed Oops: Enabled (32-bit)
 Heap Region Size: 1M
 Heap Min Capacity: 8M
 Heap Initial Capacity: 126M
 Heap Max Capacity: 2016M
 Pre-touch: Disabled
 Parallel Workers: 8
 Concurrent Workers: 2
 Concurrent Refinement Workers: 8
 Periodic GC: Disabled

Heap:
 garbage-first heap   total 129024K, used 23625K [0x0000000082000000, 0x0000000100000000)
  region size 1024K, 19 young (19456K), 3 survivors (3072K)
 Metaspace       used 16308K, capacity 16580K, committed 16640K, reserved 1064960K
  class space    used 1950K, capacity 2044K, committed 2048K, reserved 1048576K

Heap Regions: E=young(eden), S=young(survivor), O=old, HS=humongous(starts), HC=humongous(continues), CS=collection set, F=free, OA=open archive, CA=closed archive, TAMS=top-at-mark-start (previous, next)
|   0|0x0000000082000000, 0x0000000082100000, 0x0000000082100000|100%|HS|  |TAMS 0x0000000082000000, 0x0000000082000000| Complete 
|   1|0x0000000082100000, 0x0000000082200000, 0x0000000082200000|100%| O|  |TAMS 0x0000000082100000, 0x0000000082100000| Untracked 
|   2|0x0000000082200000, 0x0000000082300000, 0x0000000082300000|100%| O|  |TAMS 0x0000000082200000, 0x0000000082200000| Untracked 
|   3|0x0000000082300000, 0x0000000082400000, 0x0000000082400000|100%| O|  |TAMS 0x0000000082300000, 0x0000000082300000| Untracked 
|   4|0x0000000082400000, 0x0000000082500000, 0x0000000082500000|100%| O|  |TAMS 0x0000000082400000, 0x0000000082400000| Untracked 
|   5|0x0000000082500000, 0x0000000082600000, 0x0000000082600000|100%| O|  |TAMS 0x0000000082500000, 0x0000000082500000| Untracked 
|   6|0x0000000082600000, 0x0000000082669000, 0x0000000082700000| 41%| O|  |TAMS 0x0000000082600000, 0x0000000082600000| Untracked 
|   7|0x0000000082700000, 0x0000000082700000, 0x0000000082800000|  0%| F|  |TAMS 0x0000000082700000, 0x0000000082700000| Untracked 
|   8|0x0000000082800000, 0x0000000082800000, 0x0000000082900000|  0%| F|  |TAMS 0x0000000082800000, 0x0000000082800000| Untracked 
|   9|0x0000000082900000, 0x0000000082900000, 0x0000000082a00000|  0%| F|  |TAMS 0x0000000082900000, 0x0000000082900000| Untracked 
|  10|0x0000000082a00000, 0x0000000082a00000, 0x0000000082b00000|  0%| F|  |TAMS 0x0000000082a00000, 0x0000000082a00000| Untracked 
|  11|0x0000000082b00000, 0x0000000082b00000, 0x0000000082c00000|  0%| F|  |TAMS 0x0000000082b00000, 0x0000000082b00000| Untracked 
|  12|0x0000000082c00000, 0x0000000082c00000, 0x0000000082d00000|  0%| F|  |TAMS 0x0000000082c00000, 0x0000000082c00000| Untracked 
|  13|0x0000000082d00000, 0x0000000082d00000, 0x0000000082e00000|  0%| F|  |TAMS 0x0000000082d00000, 0x0000000082d00000| Untracked 
|  14|0x0000000082e00000, 0x0000000082e00000, 0x0000000082f00000|  0%| F|  |TAMS 0x0000000082e00000, 0x0000000082e00000| Untracked 
|  15|0x0000000082f00000, 0x0000000082f00000, 0x0000000083000000|  0%| F|  |TAMS 0x0000000082f00000, 0x0000000082f00000| Untracked 
|  16|0x0000000083000000, 0x0000000083000000, 0x0000000083100000|  0%| F|  |TAMS 0x0000000083000000, 0x0000000083000000| Untracked 
|  17|0x0000000083100000, 0x0000000083100000, 0x0000000083200000|  0%| F|  |TAMS 0x0000000083100000, 0x0000000083100000| Untracked 
|  18|0x0000000083200000, 0x0000000083200000, 0x0000000083300000|  0%| F|  |TAMS 0x0000000083200000, 0x0000000083200000| Untracked 
|  19|0x0000000083300000, 0x0000000083300000, 0x0000000083400000|  0%| F|  |TAMS 0x0000000083300000, 0x0000000083300000| Untracked 
|  20|0x0000000083400000, 0x0000000083400000, 0x0000000083500000|  0%| F|  |TAMS 0x0000000083400000, 0x0000000083400000| Untracked 
|  21|0x0000000083500000, 0x0000000083500000, 0x0000000083600000|  0%| F|  |TAMS 0x0000000083500000, 0x0000000083500000| Untracked 
|  22|0x0000000083600000, 0x0000000083600000, 0x0000000083700000|  0%| F|  |TAMS 0x0000000083600000, 0x0000000083600000| Untracked 
|  23|0x0000000083700000, 0x0000000083700000, 0x0000000083800000|  0%| F|  |TAMS 0x0000000083700000, 0x0000000083700000| Untracked 
|  24|0x0000000083800000, 0x0000000083800000, 0x0000000083900000|  0%| F|  |TAMS 0x0000000083800000, 0x0000000083800000| Untracked 
|  25|0x0000000083900000, 0x0000000083900000, 0x0000000083a00000|  0%| F|  |TAMS 0x0000000083900000, 0x0000000083900000| Untracked 
|  26|0x0000000083a00000, 0x0000000083a00000, 0x0000000083b00000|  0%| F|  |TAMS 0x0000000083a00000, 0x0000000083a00000| Untracked 
|  27|0x0000000083b00000, 0x0000000083b00000, 0x0000000083c00000|  0%| F|  |TAMS 0x0000000083b00000, 0x0000000083b00000| Untracked 
|  28|0x0000000083c00000, 0x0000000083c00000, 0x0000000083d00000|  0%| F|  |TAMS 0x0000000083c00000, 0x0000000083c00000| Untracked 
|  29|0x0000000083d00000, 0x0000000083d00000, 0x0000000083e00000|  0%| F|  |TAMS 0x0000000083d00000, 0x0000000083d00000| Untracked 
|  30|0x0000000083e00000, 0x0000000083e00000, 0x0000000083f00000|  0%| F|  |TAMS 0x0000000083e00000, 0x0000000083e00000| Untracked 
|  31|0x0000000083f00000, 0x0000000083f00000, 0x0000000084000000|  0%| F|  |TAMS 0x0000000083f00000, 0x0000000083f00000| Untracked 
|  32|0x0000000084000000, 0x0000000084000000, 0x0000000084100000|  0%| F|  |TAMS 0x0000000084000000, 0x0000000084000000| Untracked 
|  33|0x0000000084100000, 0x0000000084100000, 0x0000000084200000|  0%| F|  |TAMS 0x0000000084100000, 0x0000000084100000| Untracked 
|  34|0x0000000084200000, 0x0000000084200000, 0x0000000084300000|  0%| F|  |TAMS 0x0000000084200000, 0x0000000084200000| Untracked 
|  35|0x0000000084300000, 0x0000000084300000, 0x0000000084400000|  0%| F|  |TAMS 0x0000000084300000, 0x0000000084300000| Untracked 
|  36|0x0000000084400000, 0x0000000084400000, 0x0000000084500000|  0%| F|  |TAMS 0x0000000084400000, 0x0000000084400000| Untracked 
|  37|0x0000000084500000, 0x0000000084500000, 0x0000000084600000|  0%| F|  |TAMS 0x0000000084500000, 0x0000000084500000| Untracked 
|  38|0x0000000084600000, 0x0000000084600000, 0x0000000084700000|  0%| F|  |TAMS 0x0000000084600000, 0x0000000084600000| Untracked 
|  39|0x0000000084700000, 0x0000000084700000, 0x0000000084800000|  0%| F|  |TAMS 0x0000000084700000, 0x0000000084700000| Untracked 
|  40|0x0000000084800000, 0x0000000084800000, 0x0000000084900000|  0%| F|  |TAMS 0x0000000084800000, 0x0000000084800000| Untracked 
|  41|0x0000000084900000, 0x0000000084900000, 0x0000000084a00000|  0%| F|  |TAMS 0x0000000084900000, 0x0000000084900000| Untracked 
|  42|0x0000000084a00000, 0x0000000084a00000, 0x0000000084b00000|  0%| F|  |TAMS 0x0000000084a00000, 0x0000000084a00000| Untracked 
|  43|0x0000000084b00000, 0x0000000084b00000, 0x0000000084c00000|  0%| F|  |TAMS 0x0000000084b00000, 0x0000000084b00000| Untracked 
|  44|0x0000000084c00000, 0x0000000084c00000, 0x0000000084d00000|  0%| F|  |TAMS 0x0000000084c00000, 0x0000000084c00000| Untracked 
|  45|0x0000000084d00000, 0x0000000084d00000, 0x0000000084e00000|  0%| F|  |TAMS 0x0000000084d00000, 0x0000000084d00000| Untracked 
|  46|0x0000000084e00000, 0x0000000084e00000, 0x0000000084f00000|  0%| F|  |TAMS 0x0000000084e00000, 0x0000000084e00000| Untracked 
|  47|0x0000000084f00000, 0x0000000084f00000, 0x0000000085000000|  0%| F|  |TAMS 0x0000000084f00000, 0x0000000084f00000| Untracked 
|  48|0x0000000085000000, 0x00000000850a94c0, 0x0000000085100000| 66%| S|CS|TAMS 0x0000000085000000, 0x0000000085000000| Complete 
|  49|0x0000000085100000, 0x0000000085200000, 0x0000000085200000|100%| S|CS|TAMS 0x0000000085100000, 0x0000000085100000| Complete 
|  50|0x0000000085200000, 0x0000000085300000, 0x0000000085300000|100%| S|CS|TAMS 0x0000000085200000, 0x0000000085200000| Complete 
|  51|0x0000000085300000, 0x0000000085300000, 0x0000000085400000|  0%| F|  |TAMS 0x0000000085300000, 0x0000000085300000| Untracked 
|  52|0x0000000085400000, 0x0000000085400000, 0x0000000085500000|  0%| F|  |TAMS 0x0000000085400000, 0x0000000085400000| Untracked 
|  53|0x0000000085500000, 0x0000000085500000, 0x0000000085600000|  0%| F|  |TAMS 0x0000000085500000, 0x0000000085500000| Untracked 
|  54|0x0000000085600000, 0x0000000085600000, 0x0000000085700000|  0%| F|  |TAMS 0x0000000085600000, 0x0000000085600000| Untracked 
|  55|0x0000000085700000, 0x0000000085700000, 0x0000000085800000|  0%| F|  |TAMS 0x0000000085700000, 0x0000000085700000| Untracked 
|  56|0x0000000085800000, 0x0000000085800000, 0x0000000085900000|  0%| F|  |TAMS 0x0000000085800000, 0x0000000085800000| Untracked 
|  57|0x0000000085900000, 0x0000000085900000, 0x0000000085a00000|  0%| F|  |TAMS 0x0000000085900000, 0x0000000085900000| Untracked 
|  58|0x0000000085a00000, 0x0000000085a00000, 0x0000000085b00000|  0%| F|  |TAMS 0x0000000085a00000, 0x0000000085a00000| Untracked 
|  59|0x0000000085b00000, 0x0000000085b00000, 0x0000000085c00000|  0%| F|  |TAMS 0x0000000085b00000, 0x0000000085b00000| Untracked 
|  60|0x0000000085c00000, 0x0000000085c00000, 0x0000000085d00000|  0%| F|  |TAMS 0x0000000085c00000, 0x0000000085c00000| Untracked 
|  61|0x0000000085d00000, 0x0000000085d00000, 0x0000000085e00000|  0%| F|  |TAMS 0x0000000085d00000, 0x0000000085d00000| Untracked 
|  62|0x0000000085e00000, 0x0000000085e00000, 0x0000000085f00000|  0%| F|  |TAMS 0x0000000085e00000, 0x0000000085e00000| Untracked 
|  63|0x0000000085f00000, 0x0000000085f00000, 0x0000000086000000|  0%| F|  |TAMS 0x0000000085f00000, 0x0000000085f00000| Untracked 
|  64|0x0000000086000000, 0x0000000086000000, 0x0000000086100000|  0%| F|  |TAMS 0x0000000086000000, 0x0000000086000000| Untracked 
|  65|0x0000000086100000, 0x0000000086100000, 0x0000000086200000|  0%| F|  |TAMS 0x0000000086100000, 0x0000000086100000| Untracked 
|  66|0x0000000086200000, 0x0000000086200000, 0x0000000086300000|  0%| F|  |TAMS 0x0000000086200000, 0x0000000086200000| Untracked 
|  67|0x0000000086300000, 0x0000000086300000, 0x0000000086400000|  0%| F|  |TAMS 0x0000000086300000, 0x0000000086300000| Untracked 
|  68|0x0000000086400000, 0x0000000086400000, 0x0000000086500000|  0%| F|  |TAMS 0x0000000086400000, 0x0000000086400000| Untracked 
|  69|0x0000000086500000, 0x0000000086500000, 0x0000000086600000|  0%| F|  |TAMS 0x0000000086500000, 0x0000000086500000| Untracked 
|  70|0x0000000086600000, 0x0000000086600000, 0x0000000086700000|  0%| F|  |TAMS 0x0000000086600000, 0x0000000086600000| Untracked 
|  71|0x0000000086700000, 0x0000000086700000, 0x0000000086800000|  0%| F|  |TAMS 0x0000000086700000, 0x0000000086700000| Untracked 
|  72|0x0000000086800000, 0x0000000086800000, 0x0000000086900000|  0%| F|  |TAMS 0x0000000086800000, 0x0000000086800000| Untracked 
|  73|0x0000000086900000, 0x0000000086900000, 0x0000000086a00000|  0%| F|  |TAMS 0x0000000086900000, 0x0000000086900000| Untracked 
|  74|0x0000000086a00000, 0x0000000086a00000, 0x0000000086b00000|  0%| F|  |TAMS 0x0000000086a00000, 0x0000000086a00000| Untracked 
|  75|0x0000000086b00000, 0x0000000086b00000, 0x0000000086c00000|  0%| F|  |TAMS 0x0000000086b00000, 0x0000000086b00000| Untracked 
|  76|0x0000000086c00000, 0x0000000086c00000, 0x0000000086d00000|  0%| F|  |TAMS 0x0000000086c00000, 0x0000000086c00000| Untracked 
|  77|0x0000000086d00000, 0x0000000086d00000, 0x0000000086e00000|  0%| F|  |TAMS 0x0000000086d00000, 0x0000000086d00000| Untracked 
|  78|0x0000000086e00000, 0x0000000086e00000, 0x0000000086f00000|  0%| F|  |TAMS 0x0000000086e00000, 0x0000000086e00000| Untracked 
|  79|0x0000000086f00000, 0x0000000086f00000, 0x0000000087000000|  0%| F|  |TAMS 0x0000000086f00000, 0x0000000086f00000| Untracked 
|  80|0x0000000087000000, 0x0000000087000000, 0x0000000087100000|  0%| F|  |TAMS 0x0000000087000000, 0x0000000087000000| Untracked 
|  81|0x0000000087100000, 0x0000000087100000, 0x0000000087200000|  0%| F|  |TAMS 0x0000000087100000, 0x0000000087100000| Untracked 
|  82|0x0000000087200000, 0x0000000087200000, 0x0000000087300000|  0%| F|  |TAMS 0x0000000087200000, 0x0000000087200000| Untracked 
|  83|0x0000000087300000, 0x0000000087300000, 0x0000000087400000|  0%| F|  |TAMS 0x0000000087300000, 0x0000000087300000| Untracked 
|  84|0x0000000087400000, 0x0000000087400000, 0x0000000087500000|  0%| F|  |TAMS 0x0000000087400000, 0x0000000087400000| Untracked 
|  85|0x0000000087500000, 0x0000000087500000, 0x0000000087600000|  0%| F|  |TAMS 0x0000000087500000, 0x0000000087500000| Untracked 
|  86|0x0000000087600000, 0x0000000087600000, 0x0000000087700000|  0%| F|  |TAMS 0x0000000087600000, 0x0000000087600000| Untracked 
|  87|0x0000000087700000, 0x0000000087700000, 0x0000000087800000|  0%| F|  |TAMS 0x0000000087700000, 0x0000000087700000| Untracked 
|  88|0x0000000087800000, 0x0000000087800000, 0x0000000087900000|  0%| F|  |TAMS 0x0000000087800000, 0x0000000087800000| Untracked 
|  89|0x0000000087900000, 0x0000000087900000, 0x0000000087a00000|  0%| F|  |TAMS 0x0000000087900000, 0x0000000087900000| Untracked 
|  90|0x0000000087a00000, 0x0000000087a00000, 0x0000000087b00000|  0%| F|  |TAMS 0x0000000087a00000, 0x0000000087a00000| Untracked 
|  91|0x0000000087b00000, 0x0000000087b00000, 0x0000000087c00000|  0%| F|  |TAMS 0x0000000087b00000, 0x0000000087b00000| Untracked 
|  92|0x0000000087c00000, 0x0000000087c00000, 0x0000000087d00000|  0%| F|  |TAMS 0x0000000087c00000, 0x0000000087c00000| Untracked 
|  93|0x0000000087d00000, 0x0000000087d00000, 0x0000000087e00000|  0%| F|  |TAMS 0x0000000087d00000, 0x0000000087d00000| Untracked 
|  94|0x0000000087e00000, 0x0000000087e00000, 0x0000000087f00000|  0%| F|  |TAMS 0x0000000087e00000, 0x0000000087e00000| Untracked 
|  95|0x0000000087f00000, 0x0000000087f00000, 0x0000000088000000|  0%| F|  |TAMS 0x0000000087f00000, 0x0000000087f00000| Untracked 
|  96|0x0000000088000000, 0x0000000088000000, 0x0000000088100000|  0%| F|  |TAMS 0x0000000088000000, 0x0000000088000000| Untracked 
|  97|0x0000000088100000, 0x0000000088100000, 0x0000000088200000|  0%| F|  |TAMS 0x0000000088100000, 0x0000000088100000| Untracked 
|  98|0x0000000088200000, 0x0000000088200000, 0x0000000088300000|  0%| F|  |TAMS 0x0000000088200000, 0x0000000088200000| Untracked 
|  99|0x0000000088300000, 0x0000000088300000, 0x0000000088400000|  0%| F|  |TAMS 0x0000000088300000, 0x0000000088300000| Untracked 
| 100|0x0000000088400000, 0x0000000088400000, 0x0000000088500000|  0%| F|  |TAMS 0x0000000088400000, 0x0000000088400000| Untracked 
| 101|0x0000000088500000, 0x0000000088500000, 0x0000000088600000|  0%| F|  |TAMS 0x0000000088500000, 0x0000000088500000| Untracked 
| 102|0x0000000088600000, 0x0000000088600000, 0x0000000088700000|  0%| F|  |TAMS 0x0000000088600000, 0x0000000088600000| Untracked 
| 103|0x0000000088700000, 0x0000000088700000, 0x0000000088800000|  0%| F|  |TAMS 0x0000000088700000, 0x0000000088700000| Untracked 
| 104|0x0000000088800000, 0x0000000088800000, 0x0000000088900000|  0%| F|  |TAMS 0x0000000088800000, 0x0000000088800000| Untracked 
| 105|0x0000000088900000, 0x0000000088900000, 0x0000000088a00000|  0%| F|  |TAMS 0x0000000088900000, 0x0000000088900000| Untracked 
| 106|0x0000000088a00000, 0x0000000088a00000, 0x0000000088b00000|  0%| F|  |TAMS 0x0000000088a00000, 0x0000000088a00000| Untracked 
| 107|0x0000000088b00000, 0x0000000088b00000, 0x0000000088c00000|  0%| F|  |TAMS 0x0000000088b00000, 0x0000000088b00000| Untracked 
| 108|0x0000000088c00000, 0x0000000088c00000, 0x0000000088d00000|  0%| F|  |TAMS 0x0000000088c00000, 0x0000000088c00000| Untracked 
| 109|0x0000000088d00000, 0x0000000088d00000, 0x0000000088e00000|  0%| F|  |TAMS 0x0000000088d00000, 0x0000000088d00000| Untracked 
| 110|0x0000000088e00000, 0x0000000088efb6e0, 0x0000000088f00000| 98%| E|  |TAMS 0x0000000088e00000, 0x0000000088e00000| Complete 
| 111|0x0000000088f00000, 0x0000000089000000, 0x0000000089000000|100%| E|CS|TAMS 0x0000000088f00000, 0x0000000088f00000| Complete 
| 112|0x0000000089000000, 0x0000000089100000, 0x0000000089100000|100%| E|CS|TAMS 0x0000000089000000, 0x0000000089000000| Complete 
| 113|0x0000000089100000, 0x0000000089200000, 0x0000000089200000|100%| E|CS|TAMS 0x0000000089100000, 0x0000000089100000| Complete 
| 114|0x0000000089200000, 0x0000000089300000, 0x0000000089300000|100%| E|CS|TAMS 0x0000000089200000, 0x0000000089200000| Complete 
| 115|0x0000000089300000, 0x0000000089400000, 0x0000000089400000|100%| E|CS|TAMS 0x0000000089300000, 0x0000000089300000| Complete 
| 116|0x0000000089400000, 0x0000000089500000, 0x0000000089500000|100%| E|CS|TAMS 0x0000000089400000, 0x0000000089400000| Complete 
| 117|0x0000000089500000, 0x0000000089600000, 0x0000000089600000|100%| E|  |TAMS 0x0000000089500000, 0x0000000089500000| Complete 
| 118|0x0000000089600000, 0x0000000089700000, 0x0000000089700000|100%| E|CS|TAMS 0x0000000089600000, 0x0000000089600000| Complete 
| 119|0x0000000089700000, 0x0000000089800000, 0x0000000089800000|100%| E|CS|TAMS 0x0000000089700000, 0x0000000089700000| Complete 
| 120|0x0000000089800000, 0x0000000089900000, 0x0000000089900000|100%| E|CS|TAMS 0x0000000089800000, 0x0000000089800000| Complete 
| 121|0x0000000089900000, 0x0000000089a00000, 0x0000000089a00000|100%| E|CS|TAMS 0x0000000089900000, 0x0000000089900000| Complete 
| 122|0x0000000089a00000, 0x0000000089b00000, 0x0000000089b00000|100%| E|CS|TAMS 0x0000000089a00000, 0x0000000089a00000| Complete 
| 123|0x0000000089b00000, 0x0000000089c00000, 0x0000000089c00000|100%| E|CS|TAMS 0x0000000089b00000, 0x0000000089b00000| Complete 
| 124|0x0000000089c00000, 0x0000000089d00000, 0x0000000089d00000|100%| E|CS|TAMS 0x0000000089c00000, 0x0000000089c00000| Complete 
| 125|0x0000000089d00000, 0x0000000089e00000, 0x0000000089e00000|100%| E|CS|TAMS 0x0000000089d00000, 0x0000000089d00000| Complete 

Card table byte_map: [0x000001cf678b0000,0x000001cf67ca0000] _byte_map_base: 0x000001cf674a0000

Marking Bits (Prev, Next): (CMBitMap*) 0x000001cf4ffac2f0, (CMBitMap*) 0x000001cf4ffac330
 Prev Bits: [0x000001cf68090000, 0x000001cf6a010000)
 Next Bits: [0x000001cf6a010000, 0x000001cf6bf90000)

Polling page: 0x000001cf4de90000

Metaspace:

Usage:
  Non-class:     14.20 MB capacity,    14.03 MB ( 99%) used,   148.04 KB (  1%) free+waste,    23.69 KB ( <1%) overhead. 
      Class:      2.00 MB capacity,     1.91 MB ( 95%) used,    82.84 KB (  4%) free+waste,    10.00 KB ( <1%) overhead. 
       Both:     16.19 MB capacity,    15.93 MB ( 98%) used,   230.88 KB (  1%) free+waste,    33.69 KB ( <1%) overhead. 

Virtual space:
  Non-class space:       16.00 MB reserved,      14.25 MB ( 89%) committed 
      Class space:        1.00 GB reserved,       2.00 MB ( <1%) committed 
             Both:        1.02 GB reserved,      16.25 MB (  2%) committed 

Chunk freelists:
   Non-Class:  56.00 KB
       Class:  4.00 KB
        Both:  60.00 KB

MaxMetaspaceSize: 17179869184.00 GB
CompressedClassSpaceSize: 1.00 GB

CodeHeap 'non-profiled nmethods': size=120000Kb used=756Kb max_used=756Kb free=119243Kb
 bounds [0x000001cf5fc60000, 0x000001cf5fed0000, 0x000001cf67190000]
CodeHeap 'profiled nmethods': size=120000Kb used=3695Kb max_used=3695Kb free=116304Kb
 bounds [0x000001cf58730000, 0x000001cf58ad0000, 0x000001cf5fc60000]
CodeHeap 'non-nmethods': size=5760Kb used=1204Kb max_used=1271Kb free=4555Kb
 bounds [0x000001cf58190000, 0x000001cf58400000, 0x000001cf58730000]
 total_blobs=2465 nmethods=2001 adapters=376
 compilation: enabled
              stopped_count=0, restarted_count=0
 full_count=0

Compilation events (20 events):
Event: 5.057 Thread 0x000001cf6e9e5480 1994       3       java.util.concurrent.ConcurrentHashMap$EntryIterator::next (5 bytes)
Event: 5.057 Thread 0x000001cf6e9e5480 nmethod 1994 0x000001cf58ac2690 code [0x000001cf58ac2840, 0x000001cf58ac2968]
Event: 5.057 Thread 0x000001cf6e9e5480 1995       3       java.util.concurrent.ConcurrentHashMap$EntryIterator::next (51 bytes)
Event: 5.058 Thread 0x000001cf6e9e5480 nmethod 1995 0x000001cf58ac2a10 code [0x000001cf58ac2c00, 0x000001cf58ac3118]
Event: 5.058 Thread 0x000001cf6e9e5480 1996       3       java.util.concurrent.ConcurrentHashMap$MapEntry::<init> (20 bytes)
Event: 5.058 Thread 0x000001cf6e9e5480 nmethod 1996 0x000001cf58ac3290 code [0x000001cf58ac3440, 0x000001cf58ac36b8]
Event: 5.062 Thread 0x000001cf6e9e5480 1997       3       jdk.internal.org.objectweb.asm.MethodVisitor::visitFieldInsn (20 bytes)
Event: 5.062 Thread 0x000001cf6e9e5480 nmethod 1997 0x000001cf58ac3790 code [0x000001cf58ac3940, 0x000001cf58ac3b48]
Event: 5.078 Thread 0x000001cf6e9e5480 1998       3       java.lang.String::contains (19 bytes)
Event: 5.078 Thread 0x000001cf6e9e5480 nmethod 1998 0x000001cf58ac3c10 code [0x000001cf58ac3dc0, 0x000001cf58ac4018]
Event: 5.103 Thread 0x000001cf6e9e5480 1999       3       java.lang.ReflectiveOperationException::<init> (7 bytes)
Event: 5.103 Thread 0x000001cf6e9e5480 nmethod 1999 0x000001cf58ac4110 code [0x000001cf58ac42c0, 0x000001cf58ac4448]
Event: 5.103 Thread 0x000001cf6e9e5480 2000       3       java.lang.Exception::<init> (7 bytes)
Event: 5.104 Thread 0x000001cf6e9e5480 nmethod 2000 0x000001cf58ac4510 code [0x000001cf58ac46c0, 0x000001cf58ac47e8]
Event: 5.104 Thread 0x000001cf6e9e5480 2001       3       java.lang.ClassNotFoundException::<init> (7 bytes)
Event: 5.104 Thread 0x000001cf6e9e5480 nmethod 2001 0x000001cf58ac4890 code [0x000001cf58ac4a40, 0x000001cf58ac4c48]
Event: 5.113 Thread 0x000001cf6e9e5480 2002   !   3       java.security.AccessController::doPrivileged (26 bytes)
Event: 5.114 Thread 0x000001cf6e9e5480 nmethod 2002 0x000001cf58ac4d90 code [0x000001cf58ac4fa0, 0x000001cf58ac54c8]
Event: 5.118 Thread 0x000001cf6e9e5480 2003       3       java.util.Arrays$ArrayList::size (6 bytes)
Event: 5.118 Thread 0x000001cf6e9e5480 nmethod 2003 0x000001cf58ac5790 code [0x000001cf58ac5920, 0x000001cf58ac5a38]

GC Heap History (6 events):
Event: 1.953 GC heap before
{Heap before GC invocations=0 (full 0):
 garbage-first heap   total 129024K, used 23552K [0x0000000082000000, 0x0000000100000000)
  region size 1024K, 23 young (23552K), 0 survivors (0K)
 Metaspace       used 4946K, capacity 6525K, committed 6528K, reserved 1056768K
  class space    used 520K, capacity 639K, committed 640K, reserved 1048576K
}
Event: 1.967 GC heap after
{Heap after GC invocations=1 (full 0):
 garbage-first heap   total 129024K, used 6393K [0x0000000082000000, 0x0000000100000000)
  region size 1024K, 3 young (3072K), 3 survivors (3072K)
 Metaspace       used 4946K, capacity 6525K, committed 6528K, reserved 1056768K
  class space    used 520K, capacity 639K, committed 640K, reserved 1048576K
}
Event: 1.993 GC heap before
{Heap before GC invocations=1 (full 0):
 garbage-first heap   total 129024K, used 31993K [0x0000000082000000, 0x0000000100000000)
  region size 1024K, 29 young (29696K), 3 survivors (3072K)
 Metaspace       used 4946K, capacity 6525K, committed 6528K, reserved 1056768K
  class space    used 520K, capacity 639K, committed 640K, reserved 1048576K
}
Event: 2.000 GC heap after
{Heap after GC invocations=2 (full 0):
 garbage-first heap   total 129024K, used 6629K [0x0000000082000000, 0x0000000100000000)
  region size 1024K, 1 young (1024K), 1 survivors (1024K)
 Metaspace       used 4946K, capacity 6525K, committed 6528K, reserved 1056768K
  class space    used 520K, capacity 639K, committed 640K, reserved 1048576K
}
Event: 4.849 GC heap before
{Heap before GC invocations=2 (full 0):
 garbage-first heap   total 129024K, used 81381K [0x0000000082000000, 0x0000000100000000)
  region size 1024K, 75 young (76800K), 1 survivors (1024K)
 Metaspace       used 15731K, capacity 16002K, committed 16128K, reserved 1062912K
  class space    used 1893K, capacity 1978K, committed 2048K, reserved 1048576K
}
Event: 4.869 GC heap after
{Heap after GC invocations=3 (full 0):
 garbage-first heap   total 129024K, used 9289K [0x0000000082000000, 0x0000000100000000)
  region size 1024K, 3 young (3072K), 3 survivors (3072K)
 Metaspace       used 15731K, capacity 16002K, committed 16128K, reserved 1062912K
  class space    used 1893K, capacity 1978K, committed 2048K, reserved 1048576K
}

Deoptimization events (20 events):
Event: 5.043 Thread 0x000001cf6fea6f30 DEOPT PACKING pc=0x000001cf58852299 sp=0x00000002c1ffdc20
Event: 5.043 Thread 0x000001cf6fea6f30 DEOPT UNPACKING pc=0x000001cf581de23f sp=0x00000002c1ffd118 mode 0
Event: 5.045 Thread 0x000001cf6fea6f30 DEOPT PACKING pc=0x000001cf58852299 sp=0x00000002c1ffdc20
Event: 5.045 Thread 0x000001cf6fea6f30 DEOPT UNPACKING pc=0x000001cf581de23f sp=0x00000002c1ffd118 mode 0
Event: 5.048 Thread 0x000001cf6fea6f30 DEOPT PACKING pc=0x000001cf58852299 sp=0x00000002c1ffdc20
Event: 5.048 Thread 0x000001cf6fea6f30 DEOPT UNPACKING pc=0x000001cf581de23f sp=0x00000002c1ffd118 mode 0
Event: 5.050 Thread 0x000001cf6fea6f30 DEOPT PACKING pc=0x000001cf58ac0daf sp=0x00000002c1ffdcb0
Event: 5.050 Thread 0x000001cf6fea6f30 DEOPT UNPACKING pc=0x000001cf581de23f sp=0x00000002c1ffd1e8 mode 0
Event: 5.050 Thread 0x000001cf6fea6f30 DEOPT PACKING pc=0x000001cf58852299 sp=0x00000002c1ffdc20
Event: 5.050 Thread 0x000001cf6fea6f30 DEOPT UNPACKING pc=0x000001cf581de23f sp=0x00000002c1ffd118 mode 0
Event: 5.051 Thread 0x000001cf6fea6f30 DEOPT PACKING pc=0x000001cf58852299 sp=0x00000002c1ffdbc0
Event: 5.051 Thread 0x000001cf6fea6f30 DEOPT UNPACKING pc=0x000001cf581de23f sp=0x00000002c1ffd0b0 mode 0
Event: 5.053 Thread 0x000001cf6fea6f30 DEOPT PACKING pc=0x000001cf58ac0daf sp=0x00000002c1ffdcb0
Event: 5.053 Thread 0x000001cf6fea6f30 DEOPT UNPACKING pc=0x000001cf581de23f sp=0x00000002c1ffd1e8 mode 0
Event: 5.054 Thread 0x000001cf6fea6f30 DEOPT PACKING pc=0x000001cf58852299 sp=0x00000002c1ffdbc0
Event: 5.054 Thread 0x000001cf6fea6f30 DEOPT UNPACKING pc=0x000001cf581de23f sp=0x00000002c1ffd0b0 mode 0
Event: 5.055 Thread 0x000001cf6fea6f30 DEOPT PACKING pc=0x000001cf58ac0daf sp=0x00000002c1ffdcb0
Event: 5.055 Thread 0x000001cf6fea6f30 DEOPT UNPACKING pc=0x000001cf581de23f sp=0x00000002c1ffd1e8 mode 0
Event: 5.056 Thread 0x000001cf6fea6f30 DEOPT PACKING pc=0x000001cf58852299 sp=0x00000002c1ffdbc0
Event: 5.056 Thread 0x000001cf6fea6f30 DEOPT UNPACKING pc=0x000001cf581de23f sp=0x00000002c1ffd0b0 mode 0

Classes unloaded (0 events):
No events

Classes redefined (0 events):
No events

Internal exceptions (20 events):
Event: 4.382 Thread 0x000001cf6fea6f30 Exception <a 'java/lang/IncompatibleClassChangeError'{0x00000000872eb460}: Found class java.lang.Object, but interface was expected> (0x00000000872eb460) 
thrown [./open/src/hotspot/share/interpreter/linkResolver.cpp, line 848]
Event: 4.407 Thread 0x000001cf6fea6f30 Exception <a 'java/lang/ClassNotFoundException'{0x0000000087019870}: org/springframework/context/annotation/ConfigurationClassPostProcessorCustomizer> (0x0000000087019870) 
thrown [./open/src/hotspot/share/classfile/systemDictionary.cpp, line 295]
Event: 4.419 Thread 0x000001cf6fea6f30 Exception <a 'java/lang/ClassNotFoundException'{0x0000000087037c10}: org/springframework/beans/factory/support/BeanDefinitionRegistryPostProcessorCustomizer> (0x0000000087037c10) 
thrown [./open/src/hotspot/share/classfile/systemDictionary.cpp, line 295]
Event: 4.423 Thread 0x000001cf6fea6f30 Exception <a 'java/lang/ClassNotFoundException'{0x000000008703d120}: org/springframework/beans/factory/config/BeanFactoryPostProcessorCustomizer> (0x000000008703d120) 
thrown [./open/src/hotspot/share/classfile/systemDictionary.cpp, line 295]
Event: 4.424 Thread 0x000001cf6fea6f30 Exception <a 'java/lang/ClassNotFoundException'{0x0000000087042488}: org/springframework/core/PriorityOrderedCustomizer> (0x0000000087042488) 
thrown [./open/src/hotspot/share/classfile/systemDictionary.cpp, line 295]
Event: 4.426 Thread 0x000001cf6fea6f30 Exception <a 'java/lang/ClassNotFoundException'{0x0000000087046440}: org/springframework/core/OrderedCustomizer> (0x0000000087046440) 
thrown [./open/src/hotspot/share/classfile/systemDictionary.cpp, line 295]
Event: 4.427 Thread 0x000001cf6fea6f30 Exception <a 'java/lang/ClassNotFoundException'{0x000000008704b5d8}: org/springframework/context/ResourceLoaderAwareCustomizer> (0x000000008704b5d8) 
thrown [./open/src/hotspot/share/classfile/systemDictionary.cpp, line 295]
Event: 4.429 Thread 0x000001cf6fea6f30 Exception <a 'java/lang/ClassNotFoundException'{0x00000000870508a0}: org/springframework/beans/factory/AwareCustomizer> (0x00000000870508a0) 
thrown [./open/src/hotspot/share/classfile/systemDictionary.cpp, line 295]
Event: 4.431 Thread 0x000001cf6fea6f30 Exception <a 'java/lang/ClassNotFoundException'{0x0000000087054b78}: org/springframework/context/ApplicationStartupAwareCustomizer> (0x0000000087054b78) 
thrown [./open/src/hotspot/share/classfile/systemDictionary.cpp, line 295]
Event: 4.433 Thread 0x000001cf6fea6f30 Exception <a 'java/lang/ClassNotFoundException'{0x000000008705a0b8}: org/springframework/beans/factory/AwareCustomizer> (0x000000008705a0b8) 
thrown [./open/src/hotspot/share/classfile/systemDictionary.cpp, line 295]
Event: 4.435 Thread 0x000001cf6fea6f30 Exception <a 'java/lang/ClassNotFoundException'{0x000000008705e378}: org/springframework/beans/factory/BeanClassLoaderAwareCustomizer> (0x000000008705e378) 
thrown [./open/src/hotspot/share/classfile/systemDictionary.cpp, line 295]
Event: 4.443 Thread 0x000001cf6fea6f30 Exception <a 'java/lang/ClassNotFoundException'{0x0000000087063658}: org/springframework/beans/factory/AwareCustomizer> (0x0000000087063658) 
thrown [./open/src/hotspot/share/classfile/systemDictionary.cpp, line 295]
Event: 4.444 Thread 0x000001cf6fea6f30 Exception <a 'java/lang/ClassNotFoundException'{0x0000000087067730}: org/springframework/context/EnvironmentAwareCustomizer> (0x0000000087067730) 
thrown [./open/src/hotspot/share/classfile/systemDictionary.cpp, line 295]
Event: 4.446 Thread 0x000001cf6fea6f30 Exception <a 'java/lang/ClassNotFoundException'{0x000000008706c988}: org/springframework/beans/factory/AwareCustomizer> (0x000000008706c988) 
thrown [./open/src/hotspot/share/classfile/systemDictionary.cpp, line 295]
Event: 4.648 Thread 0x000001cf70550260 Exception <a 'java/lang/NoSuchMethodError'{0x0000000086c070a8}: 'long java.lang.invoke.DirectMethodHandle$Holder.invokeSpecial(java.lang.Object, java.lang.Object)'> (0x0000000086c070a8) 
thrown [./open/src/hotspot/share/interpreter/linkResolver.cpp, line 782]
Event: 4.654 Thread 0x000001cf70550260 Exception <a 'java/lang/NoSuchMethodError'{0x0000000086c12628}: 'long java.lang.invoke.DirectMethodHandle$Holder.invokeStatic(java.lang.Object, java.lang.Object)'> (0x0000000086c12628) 
thrown [./open/src/hotspot/share/interpreter/linkResolver.cpp, line 782]
Event: 4.657 Thread 0x000001cf70550260 Exception <a 'java/lang/NoSuchMethodError'{0x0000000086c15e08}: 'long java.lang.invoke.DirectMethodHandle$Holder.invokeStaticInit(java.lang.Object, java.lang.Object)'> (0x0000000086c15e08) 
thrown [./open/src/hotspot/share/interpreter/linkResolver.cpp, line 782]
Event: 4.662 Thread 0x000001cf70550260 Exception <a 'java/lang/NoSuchMethodError'{0x0000000086c24240}: 'long java.lang.invoke.DirectMethodHandle$Holder.invokeInterface(java.lang.Object, java.lang.Object)'> (0x0000000086c24240) 
thrown [./open/src/hotspot/share/interpreter/linkResolver.cpp, line 782]
Event: 4.662 Thread 0x000001cf70550260 Exception <a 'java/lang/IncompatibleClassChangeError'{0x0000000086c279a0}: Found class java.lang.Object, but interface was expected> (0x0000000086c279a0) 
thrown [./open/src/hotspot/share/interpreter/linkResolver.cpp, line 848]
Event: 4.697 Thread 0x000001cf70550260 Exception <a 'java/lang/NoSuchMethodError'{0x0000000086b11210}: 'java.lang.Object java.lang.invoke.DirectMethodHandle$Holder.invokeVirtual(java.lang.Object, java.lang.Object, java.lang.Object, java.lang.Object)'> (0x0000000086b11210) 
thrown [./open/src/hotspot/share/interpreter/linkResolver.cpp, line 782]

Events (20 events):
Event: 4.555 loading class java/util/regex/Pattern$LazyLoop
Event: 4.558 loading class java/util/regex/Pattern$Loop
Event: 4.558 loading class java/util/regex/Pattern$Loop done
Event: 4.558 loading class java/util/regex/Pattern$LazyLoop done
Event: 4.558 loading class java/util/regex/Pattern$Prolog
Event: 4.559 loading class java/util/regex/Pattern$Prolog done
Event: 4.586 loading class java/time/DateTimeException
Event: 4.587 loading class java/time/DateTimeException done
Event: 4.618 loading class java/lang/AssertionError
Event: 4.618 loading class java/lang/AssertionError done
Event: 4.647 loading class java/util/function/ToLongFunction
Event: 4.647 loading class java/util/function/ToLongFunction done
Event: 4.729 Thread 0x000001cf70550260 Thread exited: 0x000001cf70550260
Event: 4.782 loading class java/lang/Deprecated
Event: 4.782 loading class java/lang/Deprecated done
Event: 4.849 Executing VM operation: G1CollectForAllocation
Event: 4.869 Executing VM operation: G1CollectForAllocation done
Event: 4.869 Executing VM operation: HandshakeAllThreads
Event: 4.869 Executing VM operation: HandshakeAllThreads done
Event: 5.063 Thread 0x000001cf6fccd960 Thread added: 0x000001cf6fccd960


Dynamic libraries:
0x00007ff636a90000 - 0x00007ff636a9d000 	C:\Users\Sinergis\.jdks\openjdk-15.0.1\bin\java.exe
0x00007ff937fb0000 - 0x00007ff9381a5000 	C:\WINDOWS\SYSTEM32\ntdll.dll
0x00007ff937c70000 - 0x00007ff937d2d000 	C:\WINDOWS\System32\KERNEL32.DLL
0x00007ff9356f0000 - 0x00007ff9359b8000 	C:\WINDOWS\System32\KERNELBASE.dll
0x00007ff935c60000 - 0x00007ff935d60000 	C:\WINDOWS\System32\ucrtbase.dll
0x00007ff915ac0000 - 0x00007ff915ad8000 	C:\Users\Sinergis\.jdks\openjdk-15.0.1\bin\jli.dll
0x00007ff915aa0000 - 0x00007ff915ab9000 	C:\Users\Sinergis\.jdks\openjdk-15.0.1\bin\VCRUNTIME140.dll
0x00007ff936c40000 - 0x00007ff936de0000 	C:\WINDOWS\System32\USER32.dll
0x00007ff935d60000 - 0x00007ff935d82000 	C:\WINDOWS\System32\win32u.dll
0x00007ff937be0000 - 0x00007ff937c0a000 	C:\WINDOWS\System32\GDI32.dll
0x00007ff91ac60000 - 0x00007ff91aefa000 	C:\WINDOWS\WinSxS\amd64_microsoft.windows.common-controls_6595b64144ccf1df_6.0.19041.844_none_ca00b6081b84eb1d\COMCTL32.dll
0x00007ff9359c0000 - 0x00007ff935acb000 	C:\WINDOWS\System32\gdi32full.dll
0x00007ff936300000 - 0x00007ff93639e000 	C:\WINDOWS\System32\msvcrt.dll
0x00007ff935d90000 - 0x00007ff935e2d000 	C:\WINDOWS\System32\msvcp_win.dll
0x00007ff937ee0000 - 0x00007ff937f10000 	C:\WINDOWS\System32\IMM32.DLL
0x00007ff919300000 - 0x00007ff91930c000 	C:\Users\Sinergis\.jdks\openjdk-15.0.1\bin\vcruntime140_1.dll
0x00007ff9154f0000 - 0x00007ff915581000 	C:\Users\Sinergis\.jdks\openjdk-15.0.1\bin\msvcp140.dll
0x00007ff8f9c90000 - 0x00007ff8fa7ee000 	C:\Users\Sinergis\.jdks\openjdk-15.0.1\bin\server\jvm.dll
0x00007ff936ea0000 - 0x00007ff936f4c000 	C:\WINDOWS\System32\ADVAPI32.dll
0x00007ff9363a0000 - 0x00007ff93643b000 	C:\WINDOWS\System32\sechost.dll
0x00007ff9361d0000 - 0x00007ff9362fb000 	C:\WINDOWS\System32\RPCRT4.dll
0x00007ff937800000 - 0x00007ff937808000 	C:\WINDOWS\System32\PSAPI.DLL
0x00007ff91dee0000 - 0x00007ff91df07000 	C:\WINDOWS\SYSTEM32\WINMM.dll
0x00007ff91e930000 - 0x00007ff91e939000 	C:\WINDOWS\SYSTEM32\WSOCK32.dll
0x00007ff92e640000 - 0x00007ff92e64a000 	C:\WINDOWS\SYSTEM32\VERSION.dll
0x00007ff9378a0000 - 0x00007ff93790b000 	C:\WINDOWS\System32\WS2_32.dll
0x00007ff933fc0000 - 0x00007ff933fd2000 	C:\WINDOWS\SYSTEM32\kernel.appcore.dll
0x00007ff916280000 - 0x00007ff91628a000 	C:\Users\Sinergis\.jdks\openjdk-15.0.1\bin\jimage.dll
0x00007ff933520000 - 0x00007ff933704000 	C:\WINDOWS\SYSTEM32\DBGHELP.DLL
0x00007ff91d080000 - 0x00007ff91d0ac000 	C:\WINDOWS\SYSTEM32\dbgcore.DLL
0x00007ff935e30000 - 0x00007ff935eb0000 	C:\WINDOWS\System32\bcryptPrimitives.dll
0x00007ff915440000 - 0x00007ff91544e000 	C:\Users\Sinergis\.jdks\openjdk-15.0.1\bin\instrument.dll
0x00007ff9154c0000 - 0x00007ff9154e5000 	C:\Users\Sinergis\.jdks\openjdk-15.0.1\bin\java.dll
0x00007ff936440000 - 0x00007ff936b82000 	C:\WINDOWS\System32\SHELL32.dll
0x00007ff933810000 - 0x00007ff933fa1000 	C:\WINDOWS\SYSTEM32\windows.storage.dll
0x00007ff9374a0000 - 0x00007ff9377f5000 	C:\WINDOWS\System32\combase.dll
0x00007ff935090000 - 0x00007ff9350bc000 	C:\WINDOWS\SYSTEM32\Wldp.dll
0x00007ff9379f0000 - 0x00007ff937a9e000 	C:\WINDOWS\System32\SHCORE.dll
0x00007ff937f10000 - 0x00007ff937f65000 	C:\WINDOWS\System32\shlwapi.dll
0x00007ff935630000 - 0x00007ff93564f000 	C:\WINDOWS\SYSTEM32\profapi.dll
0x00007ff915460000 - 0x00007ff915478000 	C:\Users\Sinergis\.jdks\openjdk-15.0.1\bin\zip.dll
0x00007ff9154a0000 - 0x00007ff9154b9000 	C:\Users\Sinergis\.jdks\openjdk-15.0.1\bin\net.dll
0x00007ff921420000 - 0x00007ff92152b000 	C:\WINDOWS\SYSTEM32\WINHTTP.dll
0x00007ff934e00000 - 0x00007ff934e6a000 	C:\WINDOWS\system32\mswsock.dll
0x00007ff915480000 - 0x00007ff915492000 	C:\Users\Sinergis\.jdks\openjdk-15.0.1\bin\nio.dll
0x00007ff915420000 - 0x00007ff91543a000 	C:\Program Files\JetBrains\IntelliJ IDEA Community Edition 2020.2.2\bin\breakgen64.dll
0x00007ff915450000 - 0x00007ff915460000 	C:\Users\Sinergis\.jdks\openjdk-15.0.1\bin\verify.dll
0x00007ff915410000 - 0x00007ff915419000 	C:\Users\Sinergis\.jdks\openjdk-15.0.1\bin\management.dll
0x00007ff9153d0000 - 0x00007ff9153db000 	C:\Users\Sinergis\.jdks\openjdk-15.0.1\bin\management_ext.dll
0x00007ff90e080000 - 0x00007ff90e097000 	C:\WINDOWS\system32\napinsp.dll
0x00007ff90dce0000 - 0x00007ff90dcfb000 	C:\WINDOWS\system32\pnrpnsp.dll
0x00007ff930320000 - 0x00007ff930335000 	C:\WINDOWS\system32\wshbth.dll
0x00007ff930df0000 - 0x00007ff930e0d000 	C:\WINDOWS\system32\NLAapi.dll
0x00007ff934af0000 - 0x00007ff934b2b000 	C:\WINDOWS\SYSTEM32\IPHLPAPI.DLL
0x00007ff934b30000 - 0x00007ff934bfc000 	C:\WINDOWS\SYSTEM32\DNSAPI.dll
0x00007ff937490000 - 0x00007ff937498000 	C:\WINDOWS\System32\NSI.dll
0x00007ff908dc0000 - 0x00007ff908dd2000 	C:\WINDOWS\System32\winrnr.dll
0x00007ff92ca00000 - 0x00007ff92ca0a000 	C:\Windows\System32\rasadhlp.dll
0x00007ff91d760000 - 0x00007ff91d7df000 	C:\WINDOWS\System32\fwpuclnt.dll
0x00007ff935c30000 - 0x00007ff935c57000 	C:\WINDOWS\System32\bcrypt.dll

dbghelp: loaded successfully - version: 4.0.5 - missing functions: none
symbol engine: initialized successfully - sym options: 0x614 - pdb path: .;C:\Users\Sinergis\.jdks\openjdk-15.0.1\bin;C:\WINDOWS\SYSTEM32;C:\WINDOWS\WinSxS\amd64_microsoft.windows.common-controls_6595b64144ccf1df_6.0.19041.844_none_ca00b6081b84eb1d;C:\Users\Sinergis\.jdks\openjdk-15.0.1\bin\server;C:\Program Files\JetBrains\IntelliJ IDEA Community Edition 2020.2.2\bin

VM Arguments:
jvm_args: -javaagent:C:\Program Files\JetBrains\IntelliJ IDEA Community Edition 2020.2.2\lib\idea_rt.jar=49456:C:\Program Files\JetBrains\IntelliJ IDEA Community Edition 2020.2.2\bin -Dfile.encoding=UTF-8 
java_command: com.example.apisimplify.ApiSimplifyApplication
java_class_path (initial): C:\Users\Sinergis\Desktop\simplify\4-Semestre\App\Backend-Mobile\api-simplify\target\classes;C:\Users\Sinergis\.m2\repository\org\springframework\boot\spring-boot-starter-data-jpa\2.4.3\spring-boot-starter-data-jpa-2.4.3.jar;C:\Users\Sinergis\.m2\repository\org\springframework\boot\spring-boot-starter-aop\2.4.3\spring-boot-starter-aop-2.4.3.jar;C:\Users\Sinergis\.m2\repository\org\springframework\spring-aop\5.3.4\spring-aop-5.3.4.jar;C:\Users\Sinergis\.m2\repository\org\aspectj\aspectjweaver\1.9.6\aspectjweaver-1.9.6.jar;C:\Users\Sinergis\.m2\repository\org\springframework\boot\spring-boot-starter-jdbc\2.4.3\spring-boot-starter-jdbc-2.4.3.jar;C:\Users\Sinergis\.m2\repository\com\zaxxer\HikariCP\3.4.5\HikariCP-3.4.5.jar;C:\Users\Sinergis\.m2\repository\org\springframework\spring-jdbc\5.3.4\spring-jdbc-5.3.4.jar;C:\Users\Sinergis\.m2\repository\jakarta\transaction\jakarta.transaction-api\1.3.3\jakarta.transaction-api-1.3.3.jar;C:\Users\Sinergis\.m2\repository\jakarta\persistence\jakarta.persistence-api\2.2.3\jakarta.persistence-api-2.2.3.jar;C:\Users\Sinergis\.m2\repository\org\hibernate\hibernate-core\5.4.28.Final\hibernate-core-5.4.28.Final.jar;C:\Users\Sinergis\.m2\repository\org\jboss\logging\jboss-logging\3.4.1.Final\jboss-logging-3.4.1.Final.jar;C:\Users\Sinergis\.m2\repository\org\javassist\javassist\3.27.0-GA\javassist-3.27.0-GA.jar;C:\Users\Sinergis\.m2\repository\net\bytebuddy\byte-buddy\1.10.20\byte-buddy-1.10.20.jar;C:\Users\Sinergis\.m2\repository\antlr\antlr\2.7.7\antlr-2.7.7.jar;C:\Users\Sinergis\.m2\repository\org\jboss\jandex\2.2.3.Final\jandex-2.2.3.Final.jar;C:\Users\Sinergis\.m2\repository\com\fasterxml\classmate\1.5.1\classmate-1.5.1.jar;C:\Users\Sinergis\.m2\repository\org\dom4j\dom4j\2.1.3\dom4j-2.1.3.jar;C:\Users\Sinergis\.m2\repository\org\hibernate\common\hibernate-commons-annotations\5.1.2.Final\hibernate-commons-annotations-5.1.2.Final.jar;C:\Users\Sinergis\.m2\repository\org\glassfish\jaxb\jaxb-runtime\2.3.3\ja
Launcher Type: SUN_STANDARD

[Global flags]
     intx CICompilerCount                          = 4                                         {product} {ergonomic}
     uint ConcGCThreads                            = 2                                         {product} {ergonomic}
     uint G1ConcRefinementThreads                  = 8                                         {product} {ergonomic}
   size_t G1HeapRegionSize                         = 1048576                                   {product} {ergonomic}
    uintx GCDrainStackTargetSize                   = 64                                        {product} {ergonomic}
   size_t InitialHeapSize                          = 132120576                                 {product} {ergonomic}
   size_t MarkStackSize                            = 4194304                                   {product} {ergonomic}
   size_t MaxHeapSize                              = 2113929216                                {product} {ergonomic}
   size_t MaxNewSize                               = 1267728384                                {product} {ergonomic}
   size_t MinHeapDeltaBytes                        = 1048576                                   {product} {ergonomic}
   size_t MinHeapSize                              = 8388608                                   {product} {ergonomic}
    uintx NonNMethodCodeHeapSize                   = 5839372                                {pd product} {ergonomic}
    uintx NonProfiledCodeHeapSize                  = 122909434                              {pd product} {ergonomic}
    uintx ProfiledCodeHeapSize                     = 122909434                              {pd product} {ergonomic}
    uintx ReservedCodeCacheSize                    = 251658240                              {pd product} {ergonomic}
     bool SegmentedCodeCache                       = true                                      {product} {ergonomic}
   size_t SoftMaxHeapSize                          = 2113929216                             {manageable} {ergonomic}
     bool UseCompressedClassPointers               = true                                 {lp64_product} {ergonomic}
     bool UseCompressedOops                        = true                                 {lp64_product} {ergonomic}
     bool UseG1GC                                  = true                                      {product} {ergonomic}
     bool UseLargePagesIndividualAllocation        = false                                  {pd product} {ergonomic}

Logging:
Log output configuration:
 #0: stdout all=warning uptime,level,tags
 #1: stderr all=off uptime,level,tags

Environment Variables:
PATH=C:\WINDOWS\system32;C:\WINDOWS;C:\WINDOWS\System32\Wbem;C:\WINDOWS\System32\WindowsPowerShell\v1.0\;C:\WINDOWS\System32\OpenSSH\;C:\Program Files\Git\cmd;C:\Program Files\MySQL\MySQL Shell 8.0\bin\;C:\Users\Sinergis\AppData\Local\Microsoft\WindowsApps;;C:\Program Files\JetBrains\IntelliJ IDEA Community Edition 2020.2.2\bin;;C:\Program Files\JetBrains\PyCharm Community Edition 2020.2.2\bin;;C:\Users\Sinergis\AppData\Local\Programs\Microsoft VS Code\bin
USERNAME=Sinergis
OS=Windows_NT
PROCESSOR_IDENTIFIER=Intel64 Family 6 Model 142 Stepping 10, GenuineIntel



---------------  S Y S T E M  ---------------

OS:
 Windows 10 , 64 bit Build 19041 (10.0.19041.928)
OS uptime: 4 days 5:17 hours

CPU: total 8 (initial active 8) (4 cores per cpu, 2 threads per core) family 6 model 142 stepping 10 microcode 0xca, cmov, cx8, fxsr, mmx, sse, sse2, sse3, ssse3, sse4.1, sse4.2, popcnt, vzeroupper, avx, avx2, aes, clmul, erms, 3dnowpref, lzcnt, ht, tsc, tscinvbit, bmi1, bmi2, adx, fma, clflush, clflushopt

Memory: 4k page, system-wide physical 8060M (426M free)
TotalPageFile size 24057M (AvailPageFile size 16M)
current process WorkingSet (physical memory assigned to process): 177M, peak: 180M
current process commit charge ("private bytes"): 268M, peak: 271M

vm_info: OpenJDK 64-Bit Server VM (15.0.1+9-18) for windows-amd64 JRE (15.0.1+9-18), built on Sep 15 2020 14:39:31 by "mach5one" with unknown MS VC++:1925

END.
